<?xml version="1.0" encoding="UTF-8"?>
<!-- Generated by org.testng.reporters.JUnitXMLReporter -->
<testsuite ignored="0" hostname="DESKTOP-C68H35F" failures="0" tests="5" name="Medicineapp1" time="102.658" errors="0" timestamp="2023-07-30T12:00:19 IST">
  <testcase classname="com.Telecare.testcases.tc_Login_02" name="xlData" time="17.839"/>
  <testcase classname="com.Telecare.testcases.tc_Login_02" name="xlData" time="18.832"/>
  <testcase classname="com.Telecare.testcases.tc_Login_02" name="xlData" time="18.614"/>
  <testcase classname="com.Telecare.testcases.tc_Login_02" name="xlData" time="18.537"/>
  <testcase classname="com.Telecare.testcases.tc_Login_02" name="xlData" time="18.933"/>
</testsuite> <!-- Medicineapp1 -->
