<?xml version="1.0" encoding="UTF-8"?>
<!-- Generated by org.testng.reporters.JUnitXMLReporter -->
<testsuite ignored="0" hostname="DESKTOP-C68H35F" failures="1" tests="1" name="Medicineapp" time="66.561" errors="0" timestamp="2023-10-04T19:18:35 IST">
  <testcase classname="com.Telecare.testcases.SubscribeSofaCleanService" name="sofaCleaning" time="59.045">
    <failure type="java.lang.AssertionError" message="expected [true] but found [false]">
      <![CDATA[java.lang.AssertionError: expected [true] but found [false]
at com.Telecare.testcases.SubscribeSofaCleanService.sofaCleaning(SubscribeSofaCleanService.java:47)
at java.base/java.util.ArrayList.forEach(ArrayList.java:1511)
... Removed 29 stack frames]]>
    </failure>
  </testcase> <!-- sofaCleaning -->
</testsuite> <!-- Medicineapp -->
