<?xml version="1.0" encoding="UTF-8"?>
<testng-results ignored="0" total="1" passed="0" failed="1" skipped="0">
  <reporter-output>
  </reporter-output>
  <suite started-at="2023-10-04T19:17:28 IST" name="Telecare" finished-at="2023-10-04T19:18:35 IST" duration-ms="66561">
    <groups>
    </groups>
    <test started-at="2023-10-04T19:17:28 IST" name="Medicineapp" finished-at="2023-10-04T19:18:35 IST" duration-ms="66561">
      <class name="com.Telecare.testcases.SubscribeSofaCleanService">
        <test-method is-config="true" signature="setUp1()[pri:0, instance:com.Telecare.testcases.SubscribeSofaCleanService@1f2586d6]" started-at="2023-10-04T19:17:28 IST" name="setUp1" finished-at="2023-10-04T19:17:28 IST" duration-ms="434" status="PASS">
          <reporter-output>
          </reporter-output>
        </test-method> <!-- setUp1 -->
        <test-method is-config="true" signature="setup(java.lang.String)[pri:0, instance:com.Telecare.testcases.SubscribeSofaCleanService@1f2586d6]" started-at="2023-10-04T19:17:29 IST" name="setup" finished-at="2023-10-04T19:17:36 IST" duration-ms="7169" status="PASS">
          <params>
            <param index="0">
              <value>
                <![CDATA[Chrome]]>
              </value>
            </param>
          </params>
          <reporter-output>
          </reporter-output>
        </test-method> <!-- setup -->
        <test-method signature="sofaCleaning()[pri:0, instance:com.Telecare.testcases.SubscribeSofaCleanService@1f2586d6]" started-at="2023-10-04T19:17:36 IST" name="sofaCleaning" finished-at="2023-10-04T19:18:35 IST" duration-ms="59045" status="FAIL">
          <exception class="java.lang.AssertionError">
            <message>
              <![CDATA[expected [true] but found [false]]]>
            </message>
            <full-stacktrace>
              <![CDATA[java.lang.AssertionError: expected [true] but found [false]
at org.testng.Assert.fail(Assert.java:110)
at org.testng.Assert.failNotEquals(Assert.java:1577)
at org.testng.Assert.assertTrue(Assert.java:56)
at org.testng.Assert.assertTrue(Assert.java:66)
at com.Telecare.testcases.SubscribeSofaCleanService.sofaCleaning(SubscribeSofaCleanService.java:47)
at java.base/jdk.internal.reflect.DirectMethodHandleAccessor.invoke(DirectMethodHandleAccessor.java:104)
at java.base/java.lang.reflect.Method.invoke(Method.java:578)
at org.testng.internal.invokers.MethodInvocationHelper.invokeMethod(MethodInvocationHelper.java:139)
at org.testng.internal.invokers.TestInvoker.invokeMethod(TestInvoker.java:677)
at org.testng.internal.invokers.TestInvoker.invokeTestMethod(TestInvoker.java:221)
at org.testng.internal.invokers.MethodRunner.runInSequence(MethodRunner.java:50)
at org.testng.internal.invokers.TestInvoker$MethodInvocationAgent.invoke(TestInvoker.java:969)
at org.testng.internal.invokers.TestInvoker.invokeTestMethods(TestInvoker.java:194)
at org.testng.internal.invokers.TestMethodWorker.invokeTestMethods(TestMethodWorker.java:148)
at org.testng.internal.invokers.TestMethodWorker.run(TestMethodWorker.java:128)
at java.base/java.util.ArrayList.forEach(ArrayList.java:1511)
at org.testng.TestRunner.privateRun(TestRunner.java:829)
at org.testng.TestRunner.run(TestRunner.java:602)
at org.testng.SuiteRunner.runTest(SuiteRunner.java:437)
at org.testng.SuiteRunner.runSequentially(SuiteRunner.java:431)
at org.testng.SuiteRunner.privateRun(SuiteRunner.java:391)
at org.testng.SuiteRunner.run(SuiteRunner.java:330)
at org.testng.SuiteRunnerWorker.runSuite(SuiteRunnerWorker.java:52)
at org.testng.SuiteRunnerWorker.run(SuiteRunnerWorker.java:95)
at org.testng.TestNG.runSuitesSequentially(TestNG.java:1256)
at org.testng.TestNG.runSuitesLocally(TestNG.java:1176)
at org.testng.TestNG.runSuites(TestNG.java:1099)
at org.testng.TestNG.run(TestNG.java:1067)
at org.testng.remote.AbstractRemoteTestNG.run(AbstractRemoteTestNG.java:115)
at org.testng.remote.RemoteTestNG.initAndRun(RemoteTestNG.java:251)
at org.testng.remote.RemoteTestNG.main(RemoteTestNG.java:77)
]]>
            </full-stacktrace>
          </exception> <!-- java.lang.AssertionError -->
          <reporter-output>
          </reporter-output>
        </test-method> <!-- sofaCleaning -->
        <test-method is-config="true" signature="teardown()[pri:0, instance:com.Telecare.testcases.SubscribeSofaCleanService@1f2586d6]" started-at="2023-10-04T19:18:35 IST" name="teardown" finished-at="2023-10-04T19:18:35 IST" duration-ms="303" status="PASS">
          <reporter-output>
          </reporter-output>
        </test-method> <!-- teardown -->
        <test-method is-config="true" signature="teatDown1()[pri:0, instance:com.Telecare.testcases.SubscribeSofaCleanService@1f2586d6]" started-at="2023-10-04T19:18:35 IST" name="teatDown1" finished-at="2023-10-04T19:18:36 IST" duration-ms="584" status="PASS">
          <reporter-output>
          </reporter-output>
        </test-method> <!-- teatDown1 -->
      </class> <!-- com.Telecare.testcases.SubscribeSofaCleanService -->
    </test> <!-- Medicineapp -->
  </suite> <!-- Telecare -->
</testng-results>
